c:\carolengine\carolrenderer\x64\debug\light.nativecodeanalysis.sarif
c:\carolengine\carolrenderer\x64\debug\light.nativecodeanalysis.xml
c:\carolengine\carolrenderer\x64\debug\light.obj
c:\carolengine\carolrenderer\x64\debug\buddy.nativecodeanalysis.sarif
c:\carolengine\carolrenderer\x64\debug\buddy.nativecodeanalysis.xml
c:\carolengine\carolrenderer\x64\debug\buddy.obj
c:\carolengine\carolrenderer\x64\debug\mesh.nativecodeanalysis.sarif
c:\carolengine\carolrenderer\x64\debug\mesh.nativecodeanalysis.xml
c:\carolengine\carolrenderer\x64\debug\mesh.obj
c:\carolengine\carolrenderer\x64\debug\resource.nativecodeanalysis.sarif
c:\carolengine\carolrenderer\x64\debug\resource.nativecodeanalysis.xml
c:\carolengine\carolrenderer\x64\debug\resource.obj
c:\carolengine\carolrenderer\x64\debug\renderer.nativecodeanalysis.sarif
c:\carolengine\carolrenderer\x64\debug\renderer.nativecodeanalysis.xml
c:\carolengine\carolrenderer\x64\debug\renderer.obj
c:\carolengine\carolrenderer\x64\debug\descriptorallocator.nativecodeanalysis.sarif
c:\carolengine\carolrenderer\x64\debug\descriptorallocator.nativecodeanalysis.xml
c:\carolengine\carolrenderer\x64\debug\descriptorallocator.obj
c:\carolengine\carolrenderer\x64\debug\mainwindow.nativecodeanalysis.sarif
c:\carolengine\carolrenderer\x64\debug\mainwindow.nativecodeanalysis.xml
c:\carolengine\carolrenderer\x64\debug\mainwindow.obj
c:\carolengine\carolrenderer\x64\debug\display.nativecodeanalysis.sarif
c:\carolengine\carolrenderer\x64\debug\display.nativecodeanalysis.xml
c:\carolengine\carolrenderer\x64\debug\display.obj
c:\carolengine\carolrenderer\x64\debug\gametimer.nativecodeanalysis.sarif
c:\carolengine\carolrenderer\x64\debug\gametimer.nativecodeanalysis.xml
c:\carolengine\carolrenderer\x64\debug\gametimer.obj
c:\carolengine\carolrenderer\x64\debug\sampler.nativecodeanalysis.sarif
c:\carolengine\carolrenderer\x64\debug\sampler.nativecodeanalysis.xml
c:\carolengine\carolrenderer\x64\debug\sampler.obj
c:\carolengine\carolrenderer\x64\debug\assimpmodel.nativecodeanalysis.sarif
c:\carolengine\carolrenderer\x64\debug\assimpmodel.nativecodeanalysis.xml
c:\carolengine\carolrenderer\x64\debug\assimpmodel.obj
c:\carolengine\carolrenderer\x64\debug\bitset.nativecodeanalysis.sarif
c:\carolengine\carolrenderer\x64\debug\bitset.nativecodeanalysis.xml
c:\carolengine\carolrenderer\x64\debug\bitset.obj
c:\carolengine\carolrenderer\x64\debug\manager.nativecodeanalysis.sarif
c:\carolengine\carolrenderer\x64\debug\manager.nativecodeanalysis.xml
c:\carolengine\carolrenderer\x64\debug\manager.obj
c:\carolengine\carolrenderer\x64\debug\heap.nativecodeanalysis.sarif
c:\carolengine\carolrenderer\x64\debug\heap.nativecodeanalysis.xml
c:\carolengine\carolrenderer\x64\debug\heap.obj
c:\carolengine\carolrenderer\x64\debug\camera.nativecodeanalysis.sarif
c:\carolengine\carolrenderer\x64\debug\camera.nativecodeanalysis.xml
c:\carolengine\carolrenderer\x64\debug\camera.obj
c:\carolengine\carolrenderer\x64\debug\model.nativecodeanalysis.sarif
c:\carolengine\carolrenderer\x64\debug\model.nativecodeanalysis.xml
c:\carolengine\carolrenderer\x64\debug\model.obj
c:\carolengine\carolrenderer\x64\debug\oitppll.nativecodeanalysis.sarif
c:\carolengine\carolrenderer\x64\debug\oitppll.nativecodeanalysis.xml
c:\carolengine\carolrenderer\x64\debug\oitppll.obj
c:\carolengine\carolrenderer\x64\debug\skinneddata.nativecodeanalysis.sarif
c:\carolengine\carolrenderer\x64\debug\skinneddata.nativecodeanalysis.xml
c:\carolengine\carolrenderer\x64\debug\skinneddata.obj
c:\carolengine\carolrenderer\x64\debug\taa.nativecodeanalysis.sarif
c:\carolengine\carolrenderer\x64\debug\taa.nativecodeanalysis.xml
c:\carolengine\carolrenderer\x64\debug\taa.obj
c:\carolengine\carolrenderer\x64\debug\texture.nativecodeanalysis.sarif
c:\carolengine\carolrenderer\x64\debug\texture.nativecodeanalysis.xml
c:\carolengine\carolrenderer\x64\debug\texture.obj
c:\carolengine\carolrenderer\x64\debug\shader.nativecodeanalysis.sarif
c:\carolengine\carolrenderer\x64\debug\shader.nativecodeanalysis.xml
c:\carolengine\carolrenderer\x64\debug\shader.obj
c:\carolengine\carolrenderer\x64\debug\baserenderer.nativecodeanalysis.sarif
c:\carolengine\carolrenderer\x64\debug\baserenderer.nativecodeanalysis.xml
c:\carolengine\carolrenderer\x64\debug\baserenderer.obj
c:\carolengine\carolrenderer\x64\debug\ssao.nativecodeanalysis.sarif
c:\carolengine\carolrenderer\x64\debug\ssao.nativecodeanalysis.xml
c:\carolengine\carolrenderer\x64\debug\ssao.obj
c:\carolengine\carolrenderer\x64\debug\vc143.pdb
c:\carolengine\carolrenderer\x64\debug\carolrenderer.ilk
c:\carolengine\x64\debug\carolrenderer.exe
c:\carolengine\x64\debug\carolrenderer.pdb
c:\carolengine\carolrenderer\x64\debug\renderer.res
c:\carolengine\carolrenderer\x64\debug\vc143.idb
c:\carolengine\carolrenderer\x64\debug\vc.nativecodeanalysis.all.xml
c:\carolengine\carolrenderer\x64\debug\carolrenderer.tlog\cl.11448.write.1.tlog
c:\carolengine\carolrenderer\x64\debug\carolrenderer.tlog\cl.command.1.tlog
c:\carolengine\carolrenderer\x64\debug\carolrenderer.tlog\cl.read.1.tlog
c:\carolengine\carolrenderer\x64\debug\carolrenderer.tlog\link.command.1.tlog
c:\carolengine\carolrenderer\x64\debug\carolrenderer.tlog\link.read.1.tlog
c:\carolengine\carolrenderer\x64\debug\carolrenderer.tlog\link.write.1.tlog
c:\carolengine\carolrenderer\x64\debug\carolrenderer.tlog\rc.command.1.tlog
c:\carolengine\carolrenderer\x64\debug\carolrenderer.tlog\rc.read.1.tlog
c:\carolengine\carolrenderer\x64\debug\carolrenderer.tlog\rc.write.1.tlog
